[debug] [2023-10-01T23:22:45.581Z] ----------------------------------------------------------------------
[debug] [2023-10-01T23:22:45.582Z] Command:       /usr/local/bin/node /usr/local/bin/firebase deploy
[debug] [2023-10-01T23:22:45.583Z] CLI Version:   12.4.6
[debug] [2023-10-01T23:22:45.583Z] Platform:      darwin
[debug] [2023-10-01T23:22:45.583Z] Node Version:  v18.17.1
[debug] [2023-10-01T23:22:45.588Z] Time:          Sun Oct 01 2023 19:22:45 GMT-0400 (Eastern Daylight Time)
[debug] [2023-10-01T23:22:45.588Z] ----------------------------------------------------------------------
[debug] 
[debug] [2023-10-01T23:22:45.647Z] > command requires scopes: ["email","openid","https://www.googleapis.com/auth/cloudplatformprojects.readonly","https://www.googleapis.com/auth/firebase","https://www.googleapis.com/auth/cloud-platform"]
[debug] [2023-10-01T23:22:45.647Z] > authorizing via signed-in user (arianf2004@gmail.com)
[debug] [2023-10-01T23:22:45.647Z] [iam] checking project arian-fallahpour for permissions ["firebase.projects.get","firebasehosting.sites.update"]
[debug] [2023-10-01T23:22:45.649Z] >>> [apiv2][query] POST https://cloudresourcemanager.googleapis.com/v1/projects/arian-fallahpour:testIamPermissions [none]
[debug] [2023-10-01T23:22:45.649Z] >>> [apiv2][(partial)header] POST https://cloudresourcemanager.googleapis.com/v1/projects/arian-fallahpour:testIamPermissions x-goog-quota-user=projects/arian-fallahpour
[debug] [2023-10-01T23:22:45.654Z] >>> [apiv2][body] POST https://cloudresourcemanager.googleapis.com/v1/projects/arian-fallahpour:testIamPermissions {"permissions":["firebase.projects.get","firebasehosting.sites.update"]}
[debug] [2023-10-01T23:22:45.972Z] <<< [apiv2][status] POST https://cloudresourcemanager.googleapis.com/v1/projects/arian-fallahpour:testIamPermissions 200
[debug] [2023-10-01T23:22:45.973Z] <<< [apiv2][body] POST https://cloudresourcemanager.googleapis.com/v1/projects/arian-fallahpour:testIamPermissions {"permissions":["firebase.projects.get","firebasehosting.sites.update"]}
[debug] [2023-10-01T23:22:45.974Z] >>> [apiv2][query] GET https://firebase.googleapis.com/v1beta1/projects/arian-fallahpour [none]
[debug] [2023-10-01T23:22:46.297Z] <<< [apiv2][status] GET https://firebase.googleapis.com/v1beta1/projects/arian-fallahpour 200
[debug] [2023-10-01T23:22:46.297Z] <<< [apiv2][body] GET https://firebase.googleapis.com/v1beta1/projects/arian-fallahpour {"projectId":"arian-fallahpour","projectNumber":"435225433240","displayName":"arian fallahpour","name":"projects/arian-fallahpour","resources":{"hostingSite":"arian-fallahpour"},"state":"ACTIVE","etag":"1_1a0bd514-c821-476c-b91d-63b5069eb487"}
[info] 
   Thank you for trying our early preview of Next.js support on Firebase Hosting.
   During the preview, support is best-effort and breaking changes can be expected. Proceed with caution.

   Documentation: https://firebase.google.com/docs/hosting/frameworks/nextjs
   File a bug: https://github.com/firebase/firebase-tools/issues/new?template=bug_report.md
   Submit a feature request: https://github.com/firebase/firebase-tools/issues/new?template=feature_request.md

   We'd love to learn from you. Express your interest in helping us shape the future of Firebase Hosting: https://goo.gle/41enW5X

[info]    Creating an optimized production build ...

[info]  ✓ Compiled successfully

[info]    Linting and checking validity of types ...

[info]    Collecting page data ...

[info]    Generating static pages (0/5) ...

[info]    Generating static pages (1/5) 

[info]    Generating static pages (2/5) 

[info]    Generating static pages (3/5) 

[info]  ✓ Generating static pages (5/5) 

[info]    Finalizing page optimization ...

[info] 

[info] Route (app)                              Size     First Load JS
┌ ○ /                                    15.4 kB        94.7 kB
└ ○ /_not-found                          878 B          80.2 kB
+ First Load JS shared by all            79.3 kB
  ├ chunks/864-186f8141de387705.js       26.6 kB
  ├ chunks/fd9d1056-8dbbd4a4b17cf4bd.js  50.8 kB
  ├ chunks/main-app-6d34d4a0546f70bf.js  223 B
  └ chunks/webpack-d2fd1c3992f41d5b.js   1.7 kB


[info] 
○  (Static)  automatically rendered as static HTML (uses no initial props)


[debug] [2023-10-01T23:22:59.225Z] TypeError: Cannot destructure property 'customConfig' of '(intermediate value)(intermediate value)(intermediate value)' as it is null.
    at loadConfig (/Users/arian/Desktop/Coding/arian-fallahpour/node_modules/next/dist/server/config.js:571:41)
    at getConfig (/usr/local/lib/node_modules/firebase-tools/lib/frameworks/next/index.js:390:28)
    at build (/usr/local/lib/node_modules/firebase-tools/lib/frameworks/next/index.js:67:65)
    at process.processTicksAndRejections (node:internal/process/task_queues:95:5)
    at async prepareFrameworks (/usr/local/lib/node_modules/firebase-tools/lib/frameworks/index.js:216:33)
    at async deploy (/usr/local/lib/node_modules/firebase-tools/lib/deploy/index.js:55:13)
[error] 
[error] Error: An unexpected error has occurred.
